H:\ASSIGNMENTS\GRAPHICSPROGRAMMING_1\OBJECTVIEWER\OBJECTVIEWER\RELEASE\GLEW.OBJ
H:\ASSIGNMENTS\GRAPHICSPROGRAMMING_1\OBJECTVIEWER\OBJECTVIEWER\RELEASE\VC110.PDB
H:\ASSIGNMENTS\GRAPHICSPROGRAMMING_1\OBJECTVIEWER\OBJECTVIEWER\RELEASE\SHADER.OBJ
H:\ASSIGNMENTS\GRAPHICSPROGRAMMING_1\OBJECTVIEWER\OBJECTVIEWER\RELEASE\SCENE.OBJ
H:\ASSIGNMENTS\GRAPHICSPROGRAMMING_1\OBJECTVIEWER\OBJECTVIEWER\RELEASE\MODELPART.OBJ
H:\ASSIGNMENTS\GRAPHICSPROGRAMMING_1\OBJECTVIEWER\OBJECTVIEWER\RELEASE\MODELFACTORY.OBJ
H:\ASSIGNMENTS\GRAPHICSPROGRAMMING_1\OBJECTVIEWER\OBJECTVIEWER\RELEASE\MODEL.OBJ
H:\ASSIGNMENTS\GRAPHICSPROGRAMMING_1\OBJECTVIEWER\OBJECTVIEWER\RELEASE\MATERIAL.OBJ
H:\ASSIGNMENTS\GRAPHICSPROGRAMMING_1\OBJECTVIEWER\OBJECTVIEWER\RELEASE\MAIN.OBJ
H:\ASSIGNMENTS\GRAPHICSPROGRAMMING_1\OBJECTVIEWER\RELEASE\OBJECTVIEWER.EXE
H:\ASSIGNMENTS\GRAPHICSPROGRAMMING_1\OBJECTVIEWER\RELEASE\OBJECTVIEWER.PDB
H:\Assignments\GraphicsProgramming_1\ObjectViewer\Source\ObjectViewer\Release\glew.obj
H:\Assignments\GraphicsProgramming_1\ObjectViewer\Source\ObjectViewer\Release\Shader.obj
H:\Assignments\GraphicsProgramming_1\ObjectViewer\Source\ObjectViewer\Release\Scene.obj
H:\Assignments\GraphicsProgramming_1\ObjectViewer\Source\ObjectViewer\Release\ModelPart.obj
H:\Assignments\GraphicsProgramming_1\ObjectViewer\Source\ObjectViewer\Release\ModelFactory.obj
H:\Assignments\GraphicsProgramming_1\ObjectViewer\Source\ObjectViewer\Release\Model.obj
H:\Assignments\GraphicsProgramming_1\ObjectViewer\Source\ObjectViewer\Release\Material.obj
H:\Assignments\GraphicsProgramming_1\ObjectViewer\Source\ObjectViewer\Release\Main.obj
H:\Assignments\GraphicsProgramming_1\ObjectViewer\Source\ObjectViewer\Release\CL.read.1.tlog
H:\Assignments\GraphicsProgramming_1\ObjectViewer\Source\ObjectViewer\Release\CL.write.1.tlog
H:\Assignments\GraphicsProgramming_1\ObjectViewer\Source\ObjectViewer\Release\cl.command.1.tlog
H:\Assignments\GraphicsProgramming_1\ObjectViewer\Source\ObjectViewer\Release\link-rc.read.1.tlog
H:\Assignments\GraphicsProgramming_1\ObjectViewer\Source\ObjectViewer\Release\link-rc.write.1.tlog
H:\Assignments\GraphicsProgramming_1\ObjectViewer\Source\ObjectViewer\Release\link-cvtres.read.1.tlog
H:\Assignments\GraphicsProgramming_1\ObjectViewer\Source\ObjectViewer\Release\link-cvtres.write.1.tlog
H:\Assignments\GraphicsProgramming_1\ObjectViewer\Source\ObjectViewer\Release\link.read.1.tlog
H:\Assignments\GraphicsProgramming_1\ObjectViewer\Source\ObjectViewer\Release\link.write.1.tlog
H:\Assignments\GraphicsProgramming_1\ObjectViewer\Source\ObjectViewer\Release\link.command.1.tlog
H:\Assignments\GraphicsProgramming_1\ObjectViewer\Source\ObjectViewer\Release\vc110.pdb
H:\Assignments\GraphicsProgramming_1\ObjectViewer\Source\Release\ObjectViewer.pdb
H:\Assignments\GraphicsProgramming_1\ObjectViewer\Source\Release\ObjectViewer.exe
