H:\ASSIGNMENTS\GRAPHICSPROGRAMMING_1\OBJECTVIEWER\OBJECTVIEWER\DEBUG\GLEW.OBJ
H:\ASSIGNMENTS\GRAPHICSPROGRAMMING_1\OBJECTVIEWER\OBJECTVIEWER\DEBUG\VC110.PDB
H:\ASSIGNMENTS\GRAPHICSPROGRAMMING_1\OBJECTVIEWER\OBJECTVIEWER\DEBUG\MAIN.OBJ
H:\ASSIGNMENTS\GRAPHICSPROGRAMMING_1\OBJECTVIEWER\OBJECTVIEWER\DEBUG\MATERIAL.OBJ
H:\ASSIGNMENTS\GRAPHICSPROGRAMMING_1\OBJECTVIEWER\OBJECTVIEWER\DEBUG\MODEL.OBJ
H:\ASSIGNMENTS\GRAPHICSPROGRAMMING_1\OBJECTVIEWER\OBJECTVIEWER\DEBUG\MODELFACTORY.OBJ
H:\ASSIGNMENTS\GRAPHICSPROGRAMMING_1\OBJECTVIEWER\OBJECTVIEWER\DEBUG\MODELPART.OBJ
H:\ASSIGNMENTS\GRAPHICSPROGRAMMING_1\OBJECTVIEWER\OBJECTVIEWER\DEBUG\SCENE.OBJ
H:\ASSIGNMENTS\GRAPHICSPROGRAMMING_1\OBJECTVIEWER\OBJECTVIEWER\DEBUG\SHADER.OBJ
H:\ASSIGNMENTS\GRAPHICSPROGRAMMING_1\OBJECTVIEWER\DEBUG\OBJECTVIEWER.ILK
H:\ASSIGNMENTS\GRAPHICSPROGRAMMING_1\OBJECTVIEWER\DEBUG\OBJECTVIEWER.EXE
H:\ASSIGNMENTS\GRAPHICSPROGRAMMING_1\OBJECTVIEWER\DEBUG\OBJECTVIEWER.PDB
H:\Assignments\GraphicsProgramming_1\ObjectViewer\Source\ObjectViewer\Debug\glew.obj
H:\Assignments\GraphicsProgramming_1\ObjectViewer\Source\ObjectViewer\Debug\Main.obj
H:\Assignments\GraphicsProgramming_1\ObjectViewer\Source\ObjectViewer\Debug\Material.obj
H:\Assignments\GraphicsProgramming_1\ObjectViewer\Source\ObjectViewer\Debug\Model.obj
H:\Assignments\GraphicsProgramming_1\ObjectViewer\Source\ObjectViewer\Debug\ModelFactory.obj
H:\Assignments\GraphicsProgramming_1\ObjectViewer\Source\ObjectViewer\Debug\ModelPart.obj
H:\Assignments\GraphicsProgramming_1\ObjectViewer\Source\ObjectViewer\Debug\Scene.obj
H:\Assignments\GraphicsProgramming_1\ObjectViewer\Source\ObjectViewer\Debug\Shader.obj
H:\Assignments\GraphicsProgramming_1\ObjectViewer\Source\ObjectViewer\Debug\CL.read.1.tlog
H:\Assignments\GraphicsProgramming_1\ObjectViewer\Source\ObjectViewer\Debug\CL.write.1.tlog
H:\Assignments\GraphicsProgramming_1\ObjectViewer\Source\ObjectViewer\Debug\cl.command.1.tlog
H:\Assignments\GraphicsProgramming_1\ObjectViewer\Source\ObjectViewer\Debug\link-rc.read.1.tlog
H:\Assignments\GraphicsProgramming_1\ObjectViewer\Source\ObjectViewer\Debug\link-rc.write.1.tlog
H:\Assignments\GraphicsProgramming_1\ObjectViewer\Source\ObjectViewer\Debug\link-cvtres.read.1.tlog
H:\Assignments\GraphicsProgramming_1\ObjectViewer\Source\ObjectViewer\Debug\link-cvtres.write.1.tlog
H:\Assignments\GraphicsProgramming_1\ObjectViewer\Source\ObjectViewer\Debug\link.read.1.tlog
H:\Assignments\GraphicsProgramming_1\ObjectViewer\Source\ObjectViewer\Debug\link.write.1.tlog
H:\Assignments\GraphicsProgramming_1\ObjectViewer\Source\ObjectViewer\Debug\link.command.1.tlog
H:\Assignments\GraphicsProgramming_1\ObjectViewer\Source\ObjectViewer\Debug\vc110.idb
H:\Assignments\GraphicsProgramming_1\ObjectViewer\Source\ObjectViewer\Debug\vc110.pdb
H:\Assignments\GraphicsProgramming_1\ObjectViewer\Source\Debug\ObjectViewer.pdb
H:\Assignments\GraphicsProgramming_1\ObjectViewer\Source\Debug\ObjectViewer.exe
H:\Assignments\GraphicsProgramming_1\ObjectViewer\Source\Debug\ObjectViewer.ilk
